d:\projects visual\tryingout\cp3_project\cp3_project\debug\vc141.pdb
d:\projects visual\tryingout\cp3_project\cp3_project\debug\vc141.idb
d:\projects visual\tryingout\cp3_project\cp3_project\debug\boss.obj
d:\projects visual\tryingout\cp3_project\cp3_project\debug\character.obj
d:\projects visual\tryingout\cp3_project\cp3_project\debug\enemy.obj
d:\projects visual\tryingout\cp3_project\cp3_project\debug\interface.obj
d:\projects visual\tryingout\cp3_project\cp3_project\debug\item.obj
d:\projects visual\tryingout\cp3_project\cp3_project\debug\main.obj
d:\projects visual\tryingout\cp3_project\cp3_project\debug\mapgeneration.obj
d:\projects visual\tryingout\cp3_project\cp3_project\debug\playercharacter.obj
d:\projects visual\tryingout\cp3_project\cp3_project\debug\potion.obj
d:\projects visual\tryingout\cp3_project\cp3_project\debug\status.obj
d:\projects visual\tryingout\cp3_project\cp3_project\debug\trap.obj
d:\projects visual\tryingout\cp3_project\debug\cp3_project.exe
d:\projects visual\tryingout\cp3_project\debug\cp3_project.ilk
d:\projects visual\tryingout\cp3_project\debug\cp3_project.pdb
d:\projects visual\tryingout\cp3_project\cp3_project\debug\cp3_project.tlog\cl.command.1.tlog
d:\projects visual\tryingout\cp3_project\cp3_project\debug\cp3_project.tlog\cl.read.1.tlog
d:\projects visual\tryingout\cp3_project\cp3_project\debug\cp3_project.tlog\cl.write.1.tlog
d:\projects visual\tryingout\cp3_project\cp3_project\debug\cp3_project.tlog\link.command.1.tlog
d:\projects visual\tryingout\cp3_project\cp3_project\debug\cp3_project.tlog\link.read.1.tlog
d:\projects visual\tryingout\cp3_project\cp3_project\debug\cp3_project.tlog\link.write.1.tlog
